Operating system: Microsoft Windows NT 6.2.9200.0
Opening INI file "C:\Users\Basti\Desktop\Cleanup Folder 3\Disassemblies\Sonic 2\SonLVL\SonLVL.ini"...
Game type is S2.
Loading Emerald Hill Zone Act 1...
Loading 8x8 tiles from file "../art/kosinski/EHZ_HTZ.bin", using compression Kosinski...
Loading 16x16 blocks from file "../mappings/16x16/EHZ.bin", using compression Kosinski...
Loading 128x128 chunks from file "../mappings/128x128/EHZ_HTZ.bin", using compression Kosinski...
Loading layout from file "../level/layout/EHZ_1.bin", using compression Kosinski...
Loading palette file "../art/palettes/SonicAndTails.bin"...
Source: 0 Destination: 0 Length: 16
Loading palette file "../art/palettes/EHZ.bin"...
Source: 0 Destination: 16 Length: 48
Loading object definition file "obj.ini".
Loading object definition file "objEHZ.ini".
Loading ObjectDefinition type S2ObjectDefinitions.Common.PathSwapper from "Common\PathSwapper.cs"...
Loading type from cached assembly "dllcache\S2ObjectDefinitions.Common.PathSwapper.dll"...
Loading ObjectDefinition type S2ObjectDefinitions.Common.Spikes from "Common/Spikes.xml"...
Loading type from cached assembly "dllcache\S2ObjectDefinitions.Common.Spikes.dll"...
System.IO.FileNotFoundException: Die Datei "C:\Users\Basti\Desktop\Cleanup Folder 3\Disassemblies\Sonic 2\s2.asm" konnte nicht gefunden werden.
Dateiname: "C:\Users\Basti\Desktop\Cleanup Folder 3\Disassemblies\Sonic 2\s2.asm"
   bei System.IO.__Error.WinIOError(Int32 errorCode, String maybeFullPath)
   bei System.IO.FileStream.Init(String path, FileMode mode, FileAccess access, Int32 rights, Boolean useRights, FileShare share, Int32 bufferSize, FileOptions options, SECURITY_ATTRIBUTES secAttrs, String msgPath, Boolean bFromProxy)
   bei System.IO.FileStream..ctor(String path, FileMode mode, FileAccess access, FileShare share, Int32 bufferSize, FileOptions options, String msgPath, Boolean bFromProxy)
   bei System.IO.FileStream..ctor(String path, FileMode mode, FileAccess access, FileShare share, Int32 bufferSize, FileOptions options)
   bei System.IO.StreamReader..ctor(String path, Encoding encoding, Boolean detectEncodingFromByteOrderMarks, Int32 bufferSize)
   bei System.IO.StreamReader..ctor(String path, Encoding encoding)
   bei System.IO.File.ReadAllLines(String path, Encoding encoding)
   bei SonicRetro.SonLVL.API.LevelData.ASMToBin(String file, String label, EngineVersion version, Dictionary`2& labels) in C:\Users\Mike\Documents\GitHub\SonLVL\SonLVLAPI\LevelData.cs:Zeile 2213.
   bei SonicRetro.SonLVL.API.ObjectHelper.MapASMToBmp(Byte[] artfile, String mapfileloc, String label, Int32 startpal, EngineVersion version) in C:\Users\Mike\Documents\GitHub\SonLVL\SonLVLAPI\ObjectHelper.cs:Zeile 43.
   bei SonicRetro.SonLVL.API.XMLObjectDefinition.Init(ObjectData data) in C:\Users\Mike\Documents\GitHub\SonLVL\SonLVLAPI\ObjectDefinition.cs:Zeile 755.
   bei SonicRetro.SonLVL.API.LevelData.InitObjectDefinitions() in C:\Users\Mike\Documents\GitHub\SonLVL\SonLVLAPI\LevelData.cs:Zeile 2091.
   bei SonicRetro.SonLVL.API.LevelData.LoadLevel(String levelname, Boolean loadGraphics) in C:\Users\Mike\Documents\GitHub\SonLVL\SonLVLAPI\LevelData.cs:Zeile 516.
   bei SonicRetro.SonLVL.GUI.MainForm.backgroundLevelLoader_DoWork(Object sender, DoWorkEventArgs e) in C:\Users\Mike\Documents\GitHub\SonLVL\SonLVL\MainForm.cs:Zeile 477.
Opening INI file "C:\Users\Basti\Desktop\Cleanup Folder 3\Disassemblies\Sonic 2\SonLVL\SonLVL.ini"...
Game type is S2.
Loading Emerald Hill Zone Act 1...
Loading 8x8 tiles from file "../art/kosinski/EHZ_HTZ.bin", using compression Kosinski...
Loading 16x16 blocks from file "../mappings/16x16/EHZ.bin", using compression Kosinski...
Loading 128x128 chunks from file "../mappings/128x128/EHZ_HTZ.bin", using compression Kosinski...
Loading layout from file "../level/layout/EHZ_1.bin", using compression Kosinski...
Loading palette file "../art/palettes/SonicAndTails.bin"...
Source: 0 Destination: 0 Length: 16
Loading palette file "../art/palettes/EHZ.bin"...
Source: 0 Destination: 16 Length: 48
Loading object definition file "obj.ini".
Loading object definition file "objEHZ.ini".
Loading ObjectDefinition type S2ObjectDefinitions.Common.PathSwapper from "Common\PathSwapper.cs"...
Loading type from cached assembly "dllcache\S2ObjectDefinitions.Common.PathSwapper.dll"...
Loading ObjectDefinition type S2ObjectDefinitions.Common.Spikes from "Common/Spikes.xml"...
Loading type from cached assembly "dllcache\S2ObjectDefinitions.Common.Spikes.dll"...
System.IO.FileNotFoundException: Die Datei "C:\Users\Basti\Desktop\Cleanup Folder 3\Disassemblies\Sonic 2\s2.asm" konnte nicht gefunden werden.
Dateiname: "C:\Users\Basti\Desktop\Cleanup Folder 3\Disassemblies\Sonic 2\s2.asm"
   bei System.IO.__Error.WinIOError(Int32 errorCode, String maybeFullPath)
   bei System.IO.FileStream.Init(String path, FileMode mode, FileAccess access, Int32 rights, Boolean useRights, FileShare share, Int32 bufferSize, FileOptions options, SECURITY_ATTRIBUTES secAttrs, String msgPath, Boolean bFromProxy)
   bei System.IO.FileStream..ctor(String path, FileMode mode, FileAccess access, FileShare share, Int32 bufferSize, FileOptions options, String msgPath, Boolean bFromProxy)
   bei System.IO.FileStream..ctor(String path, FileMode mode, FileAccess access, FileShare share, Int32 bufferSize, FileOptions options)
   bei System.IO.StreamReader..ctor(String path, Encoding encoding, Boolean detectEncodingFromByteOrderMarks, Int32 bufferSize)
   bei System.IO.StreamReader..ctor(String path, Encoding encoding)
   bei System.IO.File.ReadAllLines(String path, Encoding encoding)
   bei SonicRetro.SonLVL.API.LevelData.ASMToBin(String file, String label, EngineVersion version, Dictionary`2& labels) in C:\Users\Mike\Documents\GitHub\SonLVL\SonLVLAPI\LevelData.cs:Zeile 2213.
   bei SonicRetro.SonLVL.API.ObjectHelper.MapASMToBmp(Byte[] artfile, String mapfileloc, String label, Int32 startpal, EngineVersion version) in C:\Users\Mike\Documents\GitHub\SonLVL\SonLVLAPI\ObjectHelper.cs:Zeile 43.
   bei SonicRetro.SonLVL.API.XMLObjectDefinition.Init(ObjectData data) in C:\Users\Mike\Documents\GitHub\SonLVL\SonLVLAPI\ObjectDefinition.cs:Zeile 755.
   bei SonicRetro.SonLVL.API.LevelData.InitObjectDefinitions() in C:\Users\Mike\Documents\GitHub\SonLVL\SonLVLAPI\LevelData.cs:Zeile 2091.
   bei SonicRetro.SonLVL.API.LevelData.LoadLevel(String levelname, Boolean loadGraphics) in C:\Users\Mike\Documents\GitHub\SonLVL\SonLVLAPI\LevelData.cs:Zeile 516.
   bei SonicRetro.SonLVL.GUI.MainForm.backgroundLevelLoader_DoWork(Object sender, DoWorkEventArgs e) in C:\Users\Mike\Documents\GitHub\SonLVL\SonLVL\MainForm.cs:Zeile 477.
